#-----------------------------------------------------------
# Vivado v2024.2 (64-bit)
# SW Build 5239630 on Fri Nov 08 22:35:27 MST 2024
# IP Build 5239520 on Sun Nov 10 16:12:51 MST 2024
# SharedData Build 5239561 on Fri Nov 08 14:39:27 MST 2024
# Start of session at: Mon Dec  9 18:09:09 2024
# Process ID         : 6124
# Current directory  : C:/Users/gamec/AppData/Roaming/SPB_Data/CMPEN371FinalProj
# Command line       : vivado.exe -gui_launcher_event rodinguilauncherevent10432 C:\Users\gamec\AppData\Roaming\SPB_Data\CMPEN371FinalProj\CMPEN371FinalProj.xpr
# Log file           : C:/Users/gamec/AppData/Roaming/SPB_Data/CMPEN371FinalProj/vivado.log
# Journal file       : C:/Users/gamec/AppData/Roaming/SPB_Data/CMPEN371FinalProj\vivado.jou
# Running On         : DESKTOP-KPURO8L
# Platform           : Windows Server 2016 or Windows 10
# Operating System   : 19045
# Processor Detail   : Intel(R) Core(TM) i7-7700 CPU @ 3.60GHz
# CPU Frequency      : 3600 MHz
# CPU Physical cores : 4
# CPU Logical cores  : 8
# Host memory        : 17120 MB
# Swap memory        : 7247 MB
# Total Virtual      : 24367 MB
# Available Virtual  : 10411 MB
#-----------------------------------------------------------
start_gui
exit
INFO: [Common 17-206] Exiting Vivado at Mon Dec  9 18:12:02 2024...
