#-----------------------------------------------------------
# Vivado v2024.2 (64-bit)
# SW Build 5239630 on Fri Nov 08 22:35:27 MST 2024
# IP Build 5239520 on Sun Nov 10 16:12:51 MST 2024
# SharedData Build 5239561 on Fri Nov 08 14:39:27 MST 2024
# Start of session at: Tue Dec 10 08:44:48 2024
# Process ID         : 12736
# Current directory  : C:/Users/gamec/AppData/Roaming/SPB_Data/CMPEN371FinalProj
# Command line       : vivado.exe -gui_launcher_event rodinguilauncherevent12740 C:\Users\gamec\AppData\Roaming\SPB_Data\CMPEN371FinalProj\CMPEN371FinalProj.xpr
# Log file           : C:/Users/gamec/AppData/Roaming/SPB_Data/CMPEN371FinalProj/vivado.log
# Journal file       : C:/Users/gamec/AppData/Roaming/SPB_Data/CMPEN371FinalProj\vivado.jou
# Running On         : DESKTOP-KPURO8L
# Platform           : Windows Server 2016 or Windows 10
# Operating System   : 19045
# Processor Detail   : Intel(R) Core(TM) i7-7700 CPU @ 3.60GHz
# CPU Frequency      : 3600 MHz
# CPU Physical cores : 4
# CPU Logical cores  : 8
# Host memory        : 17120 MB
# Swap memory        : 7247 MB
# Total Virtual      : 24367 MB
# Available Virtual  : 14692 MB
#-----------------------------------------------------------
start_gui
open_project C:/Users/gamec/AppData/Roaming/SPB_Data/CMPEN371FinalProj/CMPEN371FinalProj.xpr
INFO: [filemgmt 56-3] Default IP Output Path : Could not find the directory 'C:/Users/gamec/AppData/Roaming/SPB_Data/CMPEN371FinalProj/CMPEN371FinalProj.gen/sources_1'.
Scanning sources...
Finished scanning sources
INFO: [IP_Flow 19-234] Refreshing IP repositories
INFO: [IP_Flow 19-1704] No user IP repositories specified
INFO: [IP_Flow 19-2313] Loaded Vivado IP repository 'D:/VIVADO/Vivado/2024.2/data/ip'.
open_project: Time (s): cpu = 00:00:12 ; elapsed = 00:00:09 . Memory (MB): peak = 1240.301 ; gain = 140.457
