#-----------------------------------------------------------
# Vivado v2024.2 (64-bit)
# SW Build 5239630 on Fri Nov 08 22:35:27 MST 2024
# IP Build 5239520 on Sun Nov 10 16:12:51 MST 2024
# SharedData Build 5239561 on Fri Nov 08 14:39:27 MST 2024
# Start of session at: Mon Dec  9 20:58:40 2024
# Process ID         : 13660
# Current directory  : C:/Users/gamec/AppData/Roaming/SPB_Data/CMPEN371FinalProj
# Command line       : vivado.exe -gui_launcher_event rodinguilauncherevent24524 C:\Users\gamec\AppData\Roaming\SPB_Data\CMPEN371FinalProj\CMPEN371FinalProj.xpr
# Log file           : C:/Users/gamec/AppData/Roaming/SPB_Data/CMPEN371FinalProj/vivado.log
# Journal file       : C:/Users/gamec/AppData/Roaming/SPB_Data/CMPEN371FinalProj\vivado.jou
# Running On         : DESKTOP-KPURO8L
# Platform           : Windows Server 2016 or Windows 10
# Operating System   : 19045
# Processor Detail   : Intel(R) Core(TM) i7-7700 CPU @ 3.60GHz
# CPU Frequency      : 3600 MHz
# CPU Physical cores : 4
# CPU Logical cores  : 8
# Host memory        : 17120 MB
# Swap memory        : 7247 MB
# Total Virtual      : 24367 MB
# Available Virtual  : 12672 MB
#-----------------------------------------------------------
start_gui
open_project C:/Users/gamec/AppData/Roaming/SPB_Data/CMPEN371FinalProj/CMPEN371FinalProj.xpr
INFO: [filemgmt 56-3] Default IP Output Path : Could not find the directory 'C:/Users/gamec/AppData/Roaming/SPB_Data/CMPEN371FinalProj/CMPEN371FinalProj.gen/sources_1'.
Scanning sources...
Finished scanning sources
INFO: [IP_Flow 19-234] Refreshing IP repositories
INFO: [IP_Flow 19-1704] No user IP repositories specified
INFO: [IP_Flow 19-2313] Loaded Vivado IP repository 'D:/VIVADO/Vivado/2024.2/data/ip'.
update_compile_order -fileset sources_1
reset_run synth_1
launch_runs synth_1 -jobs 8
[Mon Dec  9 21:00:18 2024] Launched synth_1...
Run output will be captured here: C:/Users/gamec/AppData/Roaming/SPB_Data/CMPEN371FinalProj/CMPEN371FinalProj.runs/synth_1/runme.log
WARNING: [filemgmt 56-199] Attempt to get parsing info during refresh. "On-the-fly" syntax checking information may be incorrect. [C:\Users\gamec\AppData\Roaming\SPB_Data\CMPEN371FinalProj\CMPEN371FinalProj.srcs\sources_1\new\MultipleOutputsOnto7SegDisplay.vhd:]
WARNING: [filemgmt 56-199] Attempt to get parsing info during refresh. "On-the-fly" syntax checking information may be incorrect. [C:\Users\gamec\AppData\Roaming\SPB_Data\CMPEN371FinalProj\CMPEN371FinalProj.srcs\sources_1\new\FinalPROJ.vhd:]
WARNING: [filemgmt 56-199] Attempt to get parsing info during refresh. "On-the-fly" syntax checking information may be incorrect. [C:\Users\gamec\AppData\Roaming\SPB_Data\CMPEN371FinalProj\CMPEN371FinalProj.srcs\sources_1\new\MultipleOutputsOnto7SegDisplay.vhd:]
WARNING: [filemgmt 56-199] Attempt to get parsing info during refresh. "On-the-fly" syntax checking information may be incorrect. [C:\Users\gamec\AppData\Roaming\SPB_Data\CMPEN371FinalProj\CMPEN371FinalProj.srcs\sources_1\new\MultipleOutputsOnto7SegDisplay.vhd:]
ERROR: [Common 17-180] Spawn failed: No error
reset_run synth_1
launch_runs synth_1 -jobs 8
[Mon Dec  9 21:03:05 2024] Launched synth_1...
Run output will be captured here: C:/Users/gamec/AppData/Roaming/SPB_Data/CMPEN371FinalProj/CMPEN371FinalProj.runs/synth_1/runme.log
WARNING: [filemgmt 56-199] Attempt to get parsing info during refresh. "On-the-fly" syntax checking information may be incorrect. [C:\Users\gamec\AppData\Roaming\SPB_Data\CMPEN371FinalProj\CMPEN371FinalProj.srcs\sources_1\new\Sequential_7Segments_Decoder_With2inputs.vhd:]
WARNING: [filemgmt 56-199] Attempt to get parsing info during refresh. "On-the-fly" syntax checking information may be incorrect. [C:\Users\gamec\AppData\Roaming\SPB_Data\CMPEN371FinalProj\CMPEN371FinalProj.srcs\sources_1\new\MultipleOutputsOnto7SegDisplay.vhd:]
WARNING: [filemgmt 56-199] Attempt to get parsing info during refresh. "On-the-fly" syntax checking information may be incorrect. [C:\Users\gamec\AppData\Roaming\SPB_Data\CMPEN371FinalProj\CMPEN371FinalProj.srcs\sources_1\new\FinalPROJ.vhd:]
WARNING: [filemgmt 56-199] Attempt to get parsing info during refresh. "On-the-fly" syntax checking information may be incorrect. [C:\Users\gamec\AppData\Roaming\SPB_Data\CMPEN371FinalProj\CMPEN371FinalProj.srcs\sources_1\new\MultipleOutputsOnto7SegDisplay.vhd:]
WARNING: [filemgmt 56-199] Attempt to get parsing info during refresh. "On-the-fly" syntax checking information may be incorrect. [C:\Users\gamec\AppData\Roaming\SPB_Data\CMPEN371FinalProj\CMPEN371FinalProj.srcs\sources_1\new\MultipleOutputsOnto7SegDisplay.vhd:]
WARNING: [filemgmt 56-199] Attempt to get parsing info during refresh. "On-the-fly" syntax checking information may be incorrect. [C:\Users\gamec\AppData\Roaming\SPB_Data\CMPEN371FinalProj\CMPEN371FinalProj.srcs\sources_1\new\Sequential_7Segments_Decoder_With2inputs.vhd:]
WARNING: [filemgmt 56-199] Attempt to get parsing info during refresh. "On-the-fly" syntax checking information may be incorrect. [C:\Users\gamec\AppData\Roaming\SPB_Data\CMPEN371FinalProj\CMPEN371FinalProj.srcs\sources_1\new\MultipleOutputsOnto7SegDisplay.vhd:]
WARNING: [filemgmt 56-199] Attempt to get parsing info during refresh. "On-the-fly" syntax checking information may be incorrect. [C:\Users\gamec\AppData\Roaming\SPB_Data\CMPEN371FinalProj\CMPEN371FinalProj.srcs\sources_1\new\FinalPROJ.vhd:]
WARNING: [filemgmt 56-199] Attempt to get parsing info during refresh. "On-the-fly" syntax checking information may be incorrect. [C:\Users\gamec\AppData\Roaming\SPB_Data\CMPEN371FinalProj\CMPEN371FinalProj.srcs\sources_1\new\FinalPROJ.vhd:]
WARNING: [filemgmt 56-199] Attempt to get parsing info during refresh. "On-the-fly" syntax checking information may be incorrect. [C:\Users\gamec\AppData\Roaming\SPB_Data\CMPEN371FinalProj\CMPEN371FinalProj.srcs\sources_1\new\FinalPROJ.vhd:]
reset_run synth_1
launch_runs synth_1 -jobs 8
[Mon Dec  9 21:06:30 2024] Launched synth_1...
Run output will be captured here: C:/Users/gamec/AppData/Roaming/SPB_Data/CMPEN371FinalProj/CMPEN371FinalProj.runs/synth_1/runme.log
open_run synth_1 -name synth_1
Design is defaulting to impl run constrset: constrs_1
Design is defaulting to synth run part: xc7a35tcpg236-1
INFO: [Device 21-403] Loading part xc7a35tcpg236-1
Netlist sorting complete. Time (s): cpu = 00:00:00 ; elapsed = 00:00:00 . Memory (MB): peak = 1401.254 ; gain = 0.000
INFO: [Project 1-479] Netlist was created with Vivado 2024.2
INFO: [Project 1-570] Preparing netlist for logic optimization
Parsing XDC File [C:/Users/gamec/AppData/Roaming/SPB_Data/CMPEN371FinalProj/CMPEN371FinalProj.srcs/constrs_1/new/Basys3_Master.xdc]
WARNING: [Vivado 12-584] No ports matched 'OP_Codee[2]'. [C:/Users/gamec/AppData/Roaming/SPB_Data/CMPEN371FinalProj/CMPEN371FinalProj.srcs/constrs_1/new/Basys3_Master.xdc:36]
CRITICAL WARNING: [Common 17-55] 'set_property' expects at least one object. [C:/Users/gamec/AppData/Roaming/SPB_Data/CMPEN371FinalProj/CMPEN371FinalProj.srcs/constrs_1/new/Basys3_Master.xdc:36]
Resolution: If [get_<value>] was used to populate the object, check to make sure this command returns at least one valid object.
WARNING: [Vivado 12-584] No ports matched 'Pause]'. [C:/Users/gamec/AppData/Roaming/SPB_Data/CMPEN371FinalProj/CMPEN371FinalProj.srcs/constrs_1/new/Basys3_Master.xdc:42]
CRITICAL WARNING: [Common 17-55] 'set_property' expects at least one object. [C:/Users/gamec/AppData/Roaming/SPB_Data/CMPEN371FinalProj/CMPEN371FinalProj.srcs/constrs_1/new/Basys3_Master.xdc:42]
Resolution: If [get_<value>] was used to populate the object, check to make sure this command returns at least one valid object.
WARNING: [Vivado 12-584] No ports matched 'F'. [C:/Users/gamec/AppData/Roaming/SPB_Data/CMPEN371FinalProj/CMPEN371FinalProj.srcs/constrs_1/new/Basys3_Master.xdc:61]
CRITICAL WARNING: [Common 17-55] 'set_property' expects at least one object. [C:/Users/gamec/AppData/Roaming/SPB_Data/CMPEN371FinalProj/CMPEN371FinalProj.srcs/constrs_1/new/Basys3_Master.xdc:61]
Resolution: If [get_<value>] was used to populate the object, check to make sure this command returns at least one valid object.
WARNING: [Vivado 12-584] No ports matched 'F'. [C:/Users/gamec/AppData/Roaming/SPB_Data/CMPEN371FinalProj/CMPEN371FinalProj.srcs/constrs_1/new/Basys3_Master.xdc:62]
CRITICAL WARNING: [Common 17-55] 'set_property' expects at least one object. [C:/Users/gamec/AppData/Roaming/SPB_Data/CMPEN371FinalProj/CMPEN371FinalProj.srcs/constrs_1/new/Basys3_Master.xdc:62]
Resolution: If [get_<value>] was used to populate the object, check to make sure this command returns at least one valid object.
WARNING: [Vivado 12-584] No ports matched 'segs[0]'. [C:/Users/gamec/AppData/Roaming/SPB_Data/CMPEN371FinalProj/CMPEN371FinalProj.srcs/constrs_1/new/Basys3_Master.xdc:86]
CRITICAL WARNING: [Common 17-55] 'set_property' expects at least one object. [C:/Users/gamec/AppData/Roaming/SPB_Data/CMPEN371FinalProj/CMPEN371FinalProj.srcs/constrs_1/new/Basys3_Master.xdc:86]
Resolution: If [get_<value>] was used to populate the object, check to make sure this command returns at least one valid object.
WARNING: [Vivado 12-584] No ports matched 'segs[0]'. [C:/Users/gamec/AppData/Roaming/SPB_Data/CMPEN371FinalProj/CMPEN371FinalProj.srcs/constrs_1/new/Basys3_Master.xdc:87]
CRITICAL WARNING: [Common 17-55] 'set_property' expects at least one object. [C:/Users/gamec/AppData/Roaming/SPB_Data/CMPEN371FinalProj/CMPEN371FinalProj.srcs/constrs_1/new/Basys3_Master.xdc:87]
Resolution: If [get_<value>] was used to populate the object, check to make sure this command returns at least one valid object.
WARNING: [Vivado 12-584] No ports matched 'segs[1]'. [C:/Users/gamec/AppData/Roaming/SPB_Data/CMPEN371FinalProj/CMPEN371FinalProj.srcs/constrs_1/new/Basys3_Master.xdc:88]
CRITICAL WARNING: [Common 17-55] 'set_property' expects at least one object. [C:/Users/gamec/AppData/Roaming/SPB_Data/CMPEN371FinalProj/CMPEN371FinalProj.srcs/constrs_1/new/Basys3_Master.xdc:88]
Resolution: If [get_<value>] was used to populate the object, check to make sure this command returns at least one valid object.
WARNING: [Vivado 12-584] No ports matched 'segs[1]'. [C:/Users/gamec/AppData/Roaming/SPB_Data/CMPEN371FinalProj/CMPEN371FinalProj.srcs/constrs_1/new/Basys3_Master.xdc:89]
CRITICAL WARNING: [Common 17-55] 'set_property' expects at least one object. [C:/Users/gamec/AppData/Roaming/SPB_Data/CMPEN371FinalProj/CMPEN371FinalProj.srcs/constrs_1/new/Basys3_Master.xdc:89]
Resolution: If [get_<value>] was used to populate the object, check to make sure this command returns at least one valid object.
WARNING: [Vivado 12-584] No ports matched 'segs[2]'. [C:/Users/gamec/AppData/Roaming/SPB_Data/CMPEN371FinalProj/CMPEN371FinalProj.srcs/constrs_1/new/Basys3_Master.xdc:90]
CRITICAL WARNING: [Common 17-55] 'set_property' expects at least one object. [C:/Users/gamec/AppData/Roaming/SPB_Data/CMPEN371FinalProj/CMPEN371FinalProj.srcs/constrs_1/new/Basys3_Master.xdc:90]
Resolution: If [get_<value>] was used to populate the object, check to make sure this command returns at least one valid object.
WARNING: [Vivado 12-584] No ports matched 'segs[2]'. [C:/Users/gamec/AppData/Roaming/SPB_Data/CMPEN371FinalProj/CMPEN371FinalProj.srcs/constrs_1/new/Basys3_Master.xdc:91]
CRITICAL WARNING: [Common 17-55] 'set_property' expects at least one object. [C:/Users/gamec/AppData/Roaming/SPB_Data/CMPEN371FinalProj/CMPEN371FinalProj.srcs/constrs_1/new/Basys3_Master.xdc:91]
Resolution: If [get_<value>] was used to populate the object, check to make sure this command returns at least one valid object.
WARNING: [Vivado 12-584] No ports matched 'segs[3]'. [C:/Users/gamec/AppData/Roaming/SPB_Data/CMPEN371FinalProj/CMPEN371FinalProj.srcs/constrs_1/new/Basys3_Master.xdc:92]
CRITICAL WARNING: [Common 17-55] 'set_property' expects at least one object. [C:/Users/gamec/AppData/Roaming/SPB_Data/CMPEN371FinalProj/CMPEN371FinalProj.srcs/constrs_1/new/Basys3_Master.xdc:92]
Resolution: If [get_<value>] was used to populate the object, check to make sure this command returns at least one valid object.
WARNING: [Vivado 12-584] No ports matched 'segs[3]'. [C:/Users/gamec/AppData/Roaming/SPB_Data/CMPEN371FinalProj/CMPEN371FinalProj.srcs/constrs_1/new/Basys3_Master.xdc:93]
CRITICAL WARNING: [Common 17-55] 'set_property' expects at least one object. [C:/Users/gamec/AppData/Roaming/SPB_Data/CMPEN371FinalProj/CMPEN371FinalProj.srcs/constrs_1/new/Basys3_Master.xdc:93]
Resolution: If [get_<value>] was used to populate the object, check to make sure this command returns at least one valid object.
WARNING: [Vivado 12-584] No ports matched 'segs[4]'. [C:/Users/gamec/AppData/Roaming/SPB_Data/CMPEN371FinalProj/CMPEN371FinalProj.srcs/constrs_1/new/Basys3_Master.xdc:94]
CRITICAL WARNING: [Common 17-55] 'set_property' expects at least one object. [C:/Users/gamec/AppData/Roaming/SPB_Data/CMPEN371FinalProj/CMPEN371FinalProj.srcs/constrs_1/new/Basys3_Master.xdc:94]
Resolution: If [get_<value>] was used to populate the object, check to make sure this command returns at least one valid object.
WARNING: [Vivado 12-584] No ports matched 'segs[4]'. [C:/Users/gamec/AppData/Roaming/SPB_Data/CMPEN371FinalProj/CMPEN371FinalProj.srcs/constrs_1/new/Basys3_Master.xdc:95]
CRITICAL WARNING: [Common 17-55] 'set_property' expects at least one object. [C:/Users/gamec/AppData/Roaming/SPB_Data/CMPEN371FinalProj/CMPEN371FinalProj.srcs/constrs_1/new/Basys3_Master.xdc:95]
Resolution: If [get_<value>] was used to populate the object, check to make sure this command returns at least one valid object.
WARNING: [Vivado 12-584] No ports matched 'segs[5]'. [C:/Users/gamec/AppData/Roaming/SPB_Data/CMPEN371FinalProj/CMPEN371FinalProj.srcs/constrs_1/new/Basys3_Master.xdc:96]
CRITICAL WARNING: [Common 17-55] 'set_property' expects at least one object. [C:/Users/gamec/AppData/Roaming/SPB_Data/CMPEN371FinalProj/CMPEN371FinalProj.srcs/constrs_1/new/Basys3_Master.xdc:96]
Resolution: If [get_<value>] was used to populate the object, check to make sure this command returns at least one valid object.
WARNING: [Vivado 12-584] No ports matched 'segs[5]'. [C:/Users/gamec/AppData/Roaming/SPB_Data/CMPEN371FinalProj/CMPEN371FinalProj.srcs/constrs_1/new/Basys3_Master.xdc:97]
CRITICAL WARNING: [Common 17-55] 'set_property' expects at least one object. [C:/Users/gamec/AppData/Roaming/SPB_Data/CMPEN371FinalProj/CMPEN371FinalProj.srcs/constrs_1/new/Basys3_Master.xdc:97]
Resolution: If [get_<value>] was used to populate the object, check to make sure this command returns at least one valid object.
WARNING: [Vivado 12-584] No ports matched 'segs[6]'. [C:/Users/gamec/AppData/Roaming/SPB_Data/CMPEN371FinalProj/CMPEN371FinalProj.srcs/constrs_1/new/Basys3_Master.xdc:98]
CRITICAL WARNING: [Common 17-55] 'set_property' expects at least one object. [C:/Users/gamec/AppData/Roaming/SPB_Data/CMPEN371FinalProj/CMPEN371FinalProj.srcs/constrs_1/new/Basys3_Master.xdc:98]
Resolution: If [get_<value>] was used to populate the object, check to make sure this command returns at least one valid object.
WARNING: [Vivado 12-584] No ports matched 'segs[6]'. [C:/Users/gamec/AppData/Roaming/SPB_Data/CMPEN371FinalProj/CMPEN371FinalProj.srcs/constrs_1/new/Basys3_Master.xdc:99]
CRITICAL WARNING: [Common 17-55] 'set_property' expects at least one object. [C:/Users/gamec/AppData/Roaming/SPB_Data/CMPEN371FinalProj/CMPEN371FinalProj.srcs/constrs_1/new/Basys3_Master.xdc:99]
Resolution: If [get_<value>] was used to populate the object, check to make sure this command returns at least one valid object.
WARNING: [Vivado 12-584] No ports matched 'dp'. [C:/Users/gamec/AppData/Roaming/SPB_Data/CMPEN371FinalProj/CMPEN371FinalProj.srcs/constrs_1/new/Basys3_Master.xdc:101]
CRITICAL WARNING: [Common 17-55] 'set_property' expects at least one object. [C:/Users/gamec/AppData/Roaming/SPB_Data/CMPEN371FinalProj/CMPEN371FinalProj.srcs/constrs_1/new/Basys3_Master.xdc:101]
Resolution: If [get_<value>] was used to populate the object, check to make sure this command returns at least one valid object.
WARNING: [Vivado 12-584] No ports matched 'dp'. [C:/Users/gamec/AppData/Roaming/SPB_Data/CMPEN371FinalProj/CMPEN371FinalProj.srcs/constrs_1/new/Basys3_Master.xdc:102]
CRITICAL WARNING: [Common 17-55] 'set_property' expects at least one object. [C:/Users/gamec/AppData/Roaming/SPB_Data/CMPEN371FinalProj/CMPEN371FinalProj.srcs/constrs_1/new/Basys3_Master.xdc:102]
Resolution: If [get_<value>] was used to populate the object, check to make sure this command returns at least one valid object.
WARNING: [Vivado 12-584] No ports matched 'channels[0]'. [C:/Users/gamec/AppData/Roaming/SPB_Data/CMPEN371FinalProj/CMPEN371FinalProj.srcs/constrs_1/new/Basys3_Master.xdc:104]
CRITICAL WARNING: [Common 17-55] 'set_property' expects at least one object. [C:/Users/gamec/AppData/Roaming/SPB_Data/CMPEN371FinalProj/CMPEN371FinalProj.srcs/constrs_1/new/Basys3_Master.xdc:104]
Resolution: If [get_<value>] was used to populate the object, check to make sure this command returns at least one valid object.
WARNING: [Vivado 12-584] No ports matched 'channels[0]'. [C:/Users/gamec/AppData/Roaming/SPB_Data/CMPEN371FinalProj/CMPEN371FinalProj.srcs/constrs_1/new/Basys3_Master.xdc:105]
CRITICAL WARNING: [Common 17-55] 'set_property' expects at least one object. [C:/Users/gamec/AppData/Roaming/SPB_Data/CMPEN371FinalProj/CMPEN371FinalProj.srcs/constrs_1/new/Basys3_Master.xdc:105]
Resolution: If [get_<value>] was used to populate the object, check to make sure this command returns at least one valid object.
WARNING: [Vivado 12-584] No ports matched 'channels[1]'. [C:/Users/gamec/AppData/Roaming/SPB_Data/CMPEN371FinalProj/CMPEN371FinalProj.srcs/constrs_1/new/Basys3_Master.xdc:106]
CRITICAL WARNING: [Common 17-55] 'set_property' expects at least one object. [C:/Users/gamec/AppData/Roaming/SPB_Data/CMPEN371FinalProj/CMPEN371FinalProj.srcs/constrs_1/new/Basys3_Master.xdc:106]
Resolution: If [get_<value>] was used to populate the object, check to make sure this command returns at least one valid object.
WARNING: [Vivado 12-584] No ports matched 'channels[1]'. [C:/Users/gamec/AppData/Roaming/SPB_Data/CMPEN371FinalProj/CMPEN371FinalProj.srcs/constrs_1/new/Basys3_Master.xdc:107]
CRITICAL WARNING: [Common 17-55] 'set_property' expects at least one object. [C:/Users/gamec/AppData/Roaming/SPB_Data/CMPEN371FinalProj/CMPEN371FinalProj.srcs/constrs_1/new/Basys3_Master.xdc:107]
Resolution: If [get_<value>] was used to populate the object, check to make sure this command returns at least one valid object.
WARNING: [Vivado 12-584] No ports matched 'channels[2]'. [C:/Users/gamec/AppData/Roaming/SPB_Data/CMPEN371FinalProj/CMPEN371FinalProj.srcs/constrs_1/new/Basys3_Master.xdc:108]
CRITICAL WARNING: [Common 17-55] 'set_property' expects at least one object. [C:/Users/gamec/AppData/Roaming/SPB_Data/CMPEN371FinalProj/CMPEN371FinalProj.srcs/constrs_1/new/Basys3_Master.xdc:108]
Resolution: If [get_<value>] was used to populate the object, check to make sure this command returns at least one valid object.
WARNING: [Vivado 12-584] No ports matched 'channels[2]'. [C:/Users/gamec/AppData/Roaming/SPB_Data/CMPEN371FinalProj/CMPEN371FinalProj.srcs/constrs_1/new/Basys3_Master.xdc:109]
CRITICAL WARNING: [Common 17-55] 'set_property' expects at least one object. [C:/Users/gamec/AppData/Roaming/SPB_Data/CMPEN371FinalProj/CMPEN371FinalProj.srcs/constrs_1/new/Basys3_Master.xdc:109]
Resolution: If [get_<value>] was used to populate the object, check to make sure this command returns at least one valid object.
WARNING: [Vivado 12-584] No ports matched 'channels[3]'. [C:/Users/gamec/AppData/Roaming/SPB_Data/CMPEN371FinalProj/CMPEN371FinalProj.srcs/constrs_1/new/Basys3_Master.xdc:110]
CRITICAL WARNING: [Common 17-55] 'set_property' expects at least one object. [C:/Users/gamec/AppData/Roaming/SPB_Data/CMPEN371FinalProj/CMPEN371FinalProj.srcs/constrs_1/new/Basys3_Master.xdc:110]
Resolution: If [get_<value>] was used to populate the object, check to make sure this command returns at least one valid object.
WARNING: [Vivado 12-584] No ports matched 'channels[3]'. [C:/Users/gamec/AppData/Roaming/SPB_Data/CMPEN371FinalProj/CMPEN371FinalProj.srcs/constrs_1/new/Basys3_Master.xdc:111]
CRITICAL WARNING: [Common 17-55] 'set_property' expects at least one object. [C:/Users/gamec/AppData/Roaming/SPB_Data/CMPEN371FinalProj/CMPEN371FinalProj.srcs/constrs_1/new/Basys3_Master.xdc:111]
Resolution: If [get_<value>] was used to populate the object, check to make sure this command returns at least one valid object.
Finished Parsing XDC File [C:/Users/gamec/AppData/Roaming/SPB_Data/CMPEN371FinalProj/CMPEN371FinalProj.srcs/constrs_1/new/Basys3_Master.xdc]
INFO: [Opt 31-138] Pushed 0 inverter(s) to 0 load pin(s).
Netlist sorting complete. Time (s): cpu = 00:00:00 ; elapsed = 00:00:00 . Memory (MB): peak = 1521.641 ; gain = 0.000
INFO: [Project 1-111] Unisim Transformation Summary:
No Unisim elements were transformed.

open_run: Time (s): cpu = 00:00:18 ; elapsed = 00:00:13 . Memory (MB): peak = 1896.531 ; gain = 661.547
exit
INFO: [Common 17-206] Exiting Vivado at Mon Dec  9 21:11:42 2024...
